<?xml version="1.0" encoding="UTF-8"?>
<testng-results ignored="3" total="4" passed="1" failed="0" skipped="0">
  <reporter-output>
  </reporter-output>
  <suite started-at="2024-07-01T17:43:22 IST" name="Default suite" finished-at="2024-07-01T17:43:32 IST" duration-ms="9709">
    <groups>
    </groups>
    <test started-at="2024-07-01T17:43:22 IST" name="Default test" finished-at="2024-07-01T17:43:32 IST" duration-ms="9709">
      <class name="com.luma.testcases.LandingPageTest">
        <test-method is-config="true" signature="browserSetUp()[pri:0, instance:com.luma.testcases.LandingPageTest@7193666c]" started-at="2024-07-01T17:43:22 IST" name="browserSetUp" finished-at="2024-07-01T17:43:30 IST" duration-ms="8226" status="PASS">
          <reporter-output>
          </reporter-output>
        </test-method> <!-- browserSetUp -->
        <test-method signature="shopPantsValidationTest()[pri:0, instance:com.luma.testcases.LandingPageTest@7193666c]" started-at="2024-07-01T17:43:30 IST" name="shopPantsValidationTest" finished-at="2024-07-01T17:43:32 IST" duration-ms="1242" status="PASS">
          <reporter-output>
          </reporter-output>
        </test-method> <!-- shopPantsValidationTest -->
        <test-method is-config="true" signature="closeBrowserSetUp()[pri:0, instance:com.luma.testcases.LandingPageTest@7193666c]" started-at="2024-07-01T17:43:32 IST" name="closeBrowserSetUp" finished-at="2024-07-01T17:43:32 IST" duration-ms="219" status="PASS">
          <reporter-output>
          </reporter-output>
        </test-method> <!-- closeBrowserSetUp -->
      </class> <!-- com.luma.testcases.LandingPageTest -->
    </test> <!-- Default test -->
  </suite> <!-- Default suite -->
</testng-results>
