<?xml version="1.0" encoding="UTF-8"?>
<!-- Generated by org.testng.reporters.JUnitXMLReporter -->
<testsuite ignored="3" hostname="LAPTOP-7POAIF7I" failures="0" tests="1" name="Default test" time="9.709" errors="0" timestamp="2024-07-01T17:43:32 IST">
  <testcase classname="com.luma.testcases.LandingPageTest" name="shopPantsValidationTest" time="1.242"/>
  <testcase classname="com.luma.testcases.LandingPageTest" name="salesMenuTest" time="0.0">
    <ignored/>
  </testcase> <!-- salesMenuTest -->
  <testcase classname="com.luma.testcases.LandingPageTest" name="advSearchTest" time="0.0">
    <ignored/>
  </testcase> <!-- advSearchTest -->
  <testcase classname="com.luma.testcases.LandingPageTest" name="scrollTofooterTest" time="0.0">
    <ignored/>
  </testcase> <!-- scrollTofooterTest -->
</testsuite> <!-- Default test -->
